
> safespace-web@0.1.0 dev
> next dev

 ⚠ Port 3000 is in use, trying 3001 instead.
   ▲ Next.js 15.1.4
   - Local:        http://localhost:3001
   - Network:      http://192.168.1.3:3001
   - Environments: .env.local

 ✓ Starting...
 ✓ Compiled /instrumentation in 175ms (70 modules)
 ✓ Ready in 4.6s
<w> [webpack.cache.PackFileCacheStrategy] Serializing big strings (130kiB) impacts deserialization performance (consider using Buffer instead and decode when needed)
 ✓ Compiled /middleware in 214ms (195 modules)
 ○ Compiling /mentor/sessions/[id] ...
 ✓ Compiled /mentor/sessions/[id] in 4.1s (5219 modules)
[TherapistLayout] User: ed10bdbd-9a4e-4fa9-87a7-43e0e6163e72 Profile Role: undefined
[TherapistLayout] Non-therapist user redirected: ed10bdbd-9a4e-4fa9-87a7-43e0e6163e72
 GET /mentor/sessions/47279c57-8e16-4bed-8c33-dd2656e39fc2 307 in 6223ms
 ○ Compiling /_not-found ...
 ✓ Compiled /_not-found in 1230ms (5210 modules)
 GET /unauthorized 404 in 1356ms
 ✓ Compiled /favicon.ico in 228ms (2751 modules)
 GET /favicon.ico 200 in 126ms
 GET /favicon.ico 200 in 309ms
 ○ Compiling /mentor/sessions/[id]/soap ...
 ✓ Compiled /mentor/sessions/[id]/soap in 2.4s (5918 modules)
[TherapistLayout] User: ed10bdbd-9a4e-4fa9-87a7-43e0e6163e72 Profile Role: undefined
[TherapistLayout] Non-therapist user redirected: ed10bdbd-9a4e-4fa9-87a7-43e0e6163e72
 GET /mentor/sessions/47279c57-8e16-4bed-8c33-dd2656e39fc2/soap 307 in 4027ms
 GET /unauthorized 404 in 21ms
 GET /therapist/home 404 in 24ms
 ○ Compiling /login ...
 ✓ Compiled /login in 1248ms (6169 modules)
 GET /login 200 in 1492ms
[TherapistLayout] User: ed10bdbd-9a4e-4fa9-87a7-43e0e6163e72 Profile Role: undefined
[TherapistLayout] Non-therapist user redirected: ed10bdbd-9a4e-4fa9-87a7-43e0e6163e72
 GET /unauthorized 404 in 16ms
 GET /mentor/sessions/47279c57-8e16-4bed-8c33-dd2656e39fc2 307 in 921ms
 GET /therapist/home 404 in 21ms
 GET /mentor 404 in 20ms
 GET /login 200 in 29ms
 GET /favicon.ico 200 in 20ms
 GET /favicon.ico 200 in 7ms
 GET /therapist/home 404 in 12ms
 POST /login 303 in 936ms
 ✓ Compiled in 1037ms (4111 modules)
 GET /login 200 in 139ms
 ✓ Compiled /_not-found in 114ms (1319 modules)
 GET /therapist/home 404 in 165ms
 GET /unauthorized 404 in 150ms
 GET /mentor 404 in 133ms
 GET /therapist/home 404 in 6ms
 GET /unauthorized 404 in 8ms
 GET /therapist/home 404 in 171ms
 GET /therapist/home 404 in 12ms
 GET /therapist/home 404 in 95ms
 GET /unauthorized 404 in 101ms
 GET /mentor 404 in 36ms
 GET /unauthorized 404 in 37ms
 GET /therapist/home 404 in 64ms
 ✓ Compiled /favicon.ico in 129ms (1334 modules)
 GET /favicon.ico 200 in 211ms
 GET /unauthorized 404 in 188ms
 GET /unauthorized 404 in 33ms
 ✓ Compiled in 280ms (2795 modules)
 ⚠ Fast Refresh had to perform a full reload. Read more: https://nextjs.org/docs/messages/fast-refresh-reload
 ⚠ Fast Refresh had to perform a full reload. Read more: https://nextjs.org/docs/messages/fast-refresh-reload
 GET /_next/static/webpack/8b9e53bc32d80f7f.webpack.hot-update.json 404 in 63ms
 GET /_next/static/webpack/8b9e53bc32d80f7f.webpack.hot-update.json 404 in 57ms
 ⚠ Fast Refresh had to perform a full reload. Read more: https://nextjs.org/docs/messages/fast-refresh-reload
 GET /_next/static/webpack/8b9e53bc32d80f7f.webpack.hot-update.json 404 in 29ms
 GET /login 200 in 41ms
 ⚠ Fast Refresh had to perform a full reload. Read more: https://nextjs.org/docs/messages/fast-refresh-reload
 GET /_next/static/webpack/05a76ba85f1f4115.webpack.hot-update.json 404 in 11ms
 GET /therapist/home 404 in 6ms
 GET /unauthorized 404 in 9ms
 ⚠ Fast Refresh had to perform a full reload. Read more: https://nextjs.org/docs/messages/fast-refresh-reload
 GET /_next/static/webpack/05a76ba85f1f4115.webpack.hot-update.json 404 in 13ms
 GET /therapist/home 404 in 10ms
 GET /mentor 404 in 6ms
 ⚠ Fast Refresh had to perform a full reload. Read more: https://nextjs.org/docs/messages/fast-refresh-reload
 GET /_next/static/webpack/05a76ba85f1f4115.webpack.hot-update.json 404 in 11ms
 ⚠ Fast Refresh had to perform a full reload. Read more: https://nextjs.org/docs/messages/fast-refresh-reload
 GET /_next/static/webpack/05a76ba85f1f4115.webpack.hot-update.json 404 in 10ms
 GET /unauthorized 404 in 25ms
 GET /therapist/home 404 in 28ms
 GET /therapist/home 404 in 28ms
 GET /unauthorized 404 in 52ms
 GET /mentor 404 in 23ms
 GET /favicon.ico 200 in 22ms
 GET /unauthorized 404 in 21ms
 GET /therapist/home 404 in 29ms
 GET /favicon.ico 200 in 10ms
 GET /favicon.ico 200 in 50ms
 GET /unauthorized 404 in 55ms
 GET /favicon.ico 200 in 16ms
 GET /favicon.ico 200 in 10ms
 GET /favicon.ico 200 in 5ms
 GET /unauthorized 404 in 15ms
 ✓ Compiled /mentor/sessions/[id] in 490ms (3089 modules)
 GET /login 200 in 18ms
 GET /mentor 404 in 9ms
[TherapistLayout] User: ed10bdbd-9a4e-4fa9-87a7-43e0e6163e72 Profile Role: undefined Error: {
  code: '42703',
  details: null,
  hint: null,
  message: 'column profiles.email does not exist'
}
[TherapistLayout] Non-therapist user redirected: ed10bdbd-9a4e-4fa9-87a7-43e0e6163e72
 GET /therapist/home 404 in 9ms
 GET /therapist/home 404 in 30ms
 GET /unauthorized 404 in 10ms
 GET /mentor 404 in 24ms
 GET /unauthorized 404 in 24ms
 GET /unauthorized 404 in 18ms
 GET /therapist/home 404 in 23ms
 GET /therapist/home 404 in 9ms
 GET /therapist/home 404 in 11ms
 GET /mentor/sessions/47279c57-8e16-4bed-8c33-dd2656e39fc2 307 in 1509ms
 GET /favicon.ico 200 in 36ms
 GET /therapist/home 404 in 38ms
 GET /unauthorized 404 in 42ms
 GET /unauthorized 404 in 21ms
 GET /unauthorized 404 in 202ms
 GET /unauthorized 404 in 12ms
 GET /therapist/home 404 in 17ms
 GET /favicon.ico 200 in 897ms
 GET /favicon.ico 200 in 6ms
 ○ Compiling /mentor/sessions/[id]/soap ...
 ✓ Compiled /mentor/sessions/[id]/soap in 1594ms (3388 modules)
 GET /login 200 in 17ms
[TherapistLayout] User: ed10bdbd-9a4e-4fa9-87a7-43e0e6163e72 Profile Role: undefined Error: {
  code: '42703',
  details: null,
  hint: null,
  message: 'column profiles.email does not exist'
}
[TherapistLayout] Non-therapist user redirected: ed10bdbd-9a4e-4fa9-87a7-43e0e6163e72
 GET /unauthorized 404 in 27ms
 GET /therapist/home 404 in 28ms
 GET /mentor 404 in 16ms
 GET /mentor/sessions/47279c57-8e16-4bed-8c33-dd2656e39fc2/soap 307 in 2414ms
 GET /therapist/home 404 in 8ms
 GET /therapist/home 404 in 43ms
 GET /unauthorized 404 in 30ms
 GET /unauthorized 404 in 36ms
 GET /mentor 404 in 36ms
 GET /unauthorized 404 in 30ms
 GET /therapist/home 404 in 35ms
 GET /unauthorized 404 in 35ms
 GET /unauthorized 404 in 21ms
 GET /unauthorized 404 in 14ms
 GET /unauthorized 404 in 19ms
 GET /unauthorized 404 in 12ms
 GET /therapist/home 404 in 22ms
[TherapistLayout] User: ed10bdbd-9a4e-4fa9-87a7-43e0e6163e72 Profile Role: undefined Error: {
  code: '42703',
  details: null,
  hint: null,
  message: 'column profiles.email does not exist'
}
[TherapistLayout] Non-therapist user redirected: ed10bdbd-9a4e-4fa9-87a7-43e0e6163e72
 GET /unauthorized 404 in 11ms
 GET /mentor/sessions/47279c57-8e16-4bed-8c33-dd2656e39fc2 307 in 787ms
[TherapistLayout] User: ed10bdbd-9a4e-4fa9-87a7-43e0e6163e72 Profile Role: undefined Error: {
  code: '42703',
  details: null,
  hint: null,
  message: 'column profiles.email does not exist'
}
[TherapistLayout] Non-therapist user redirected: ed10bdbd-9a4e-4fa9-87a7-43e ✓ Compiled in 397ms (2686 modules)
 GET / 404 in 9ms
 GET / 404 in 16ms
 ○ Compiling /favicon.ico ...
 ✓ Compiled /favicon.ico in 539ms (1102 modules)
 GET /favicon.ico 200 in 615ms
 ✓ Compiled in 684ms (2881 modules)
 GET /_next/static/webpack/0310df41a606120e.webpack.hot-update.json 404 in 268ms
 ⚠ Fast Refresh had to perform a full reload. Read more: https://nextjs.org/docs/messages/fast-refresh-reload
 GET / 404 in 12ms
 GET / 404 in 22ms
 GET /favicon.ico 200 in 16ms
 GET /favicon.ico 200 in 5ms
<w> [webpack.cache.PackFileCacheStrategy] Serializing big strings (130kiB) impacts deserialization performance (consider using Buffer instead and decode when needed)
 ⚠ Fast Refresh had to perform a full reload. Read more: https://nextjs.org/docs/messages/fast-refresh-reload
 ✓ Compiled in 290ms (2881 modules)
 GET /_next/static/webpack/08d535031b04e667.webpack.hot-update.json 404 in 35ms
 ⨯ SyntaxError: /Users/swami/Documents/React_native _Arthi/web/.next/server/middleware-manifest.json: Unexpected end of JSON input
    at parse (<anonymous>)
 ⨯ SyntaxError: /Users/swami/Documents/React_native _Arthi/web/.next/server/middleware-manifest.json: Unexpected end of JSON input
    at parse (<anonymous>)
 GET / 404 in 16ms
 GET /favicon.ico 200 in 40ms
 GET /favicon.ico 200 in 7ms
 ✓ Compiled in 239ms (1037 modules)
 ⚠ Fast Refresh had to perform a full reload. Read more: https://nextjs.org/docs/messages/fast-refresh-reload
 GET /_next/static/webpack/08a0905fdf698659.webpack.hot-update.json 404 in 92ms
 ✓ Compiled in 512ms (2320 modules)
 ⨯ TypeError: __webpack_modules__[moduleId] is not a function
    at __webpack_require__ (.next/server/webpack-runtime.js:33:42)
    at eval (webpack-internal:///(rsc)/./app/page.tsx:11:118)
    at (rsc)/./app/page.tsx (.next/server/app/page.js:706:1)
    at Function.__webpack_require__ (.next/server/webpack-runtime.js:33:42) {
  page: '/'
}
 ⨯ TypeError: __webpack_modules__[moduleId] is not a function
    at __webpack_require__ (.next/server/webpack-runtime.js:33:42)
    at eval (webpack-internal:///(rsc)/./app/page.tsx:11:118)
    at (rsc)/./app/page.tsx (.next/server/app/page.js:706:1)
    at Function.__webpack_require__ (.next/server/webpack-runtime.js:33:42) {
  page: '/'
}
 ⚠ Fast Refresh had to perform a full reload. Read more: https://nextjs.org/docs/messages/fast-refresh-reload
 ⨯ [Error: Cannot find module '/Users/swami/Documents/React_native _Arthi/web/.next/server/pages/_document.js'
Require stack:
- /Users/swami/Documents/React_native _Arthi/web/node_modules/next/dist/server/require.js
- /Users/swami/Documents/React_native _Arthi/web/node_modules/next/dist/server/load-components.js
- /Users/swami/Documents/React_native _Arthi/web/node_modules/next/dist/build/utils.js
- /Users/swami/Documents/React_native _Arthi/web/node_modules/next/dist/build/swc/options.js
- /Users/swami/Documents/React_native _Arthi/web/node_modules/next/dist/build/swc/index.js
- /Users/swami/Documents/React_native _Arthi/web/node_modules/next/dist/build/next-config-ts/transpile-config.js
- /Users/swami/Documents/React_native _Arthi/web/node_modules/next/dist/server/config.js
- /Users/swami/Documents/React_native _Arthi/web/node_modules/next/dist/server/next.js
- /Users/swami/Documents/React_native _Arthi/web/node_modules/next/dist/server/lib/start-server.js] {
  code: 'MODULE_NOT_FOUND',
  requireStack: [Array]
}
 ⨯ [Error: Cannot find module '/Users/swami/Documents/React_native _Arthi/web/.next/server/pages/_document.js'
Require stack:
- /Users/swami/Documents/React_native _Arthi/web/node_modules/next/dist/server/require.js
- /Users/swami/Documents/React_native _Arthi/web/node_modules/next/dist/server/load-components.js
- /Users/swami/Documents/React_native _Arthi/web/node_modules/next/dist/build/utils.js
- /Users/swami/Documents/React_native _Arthi/web/node_modules/next/dist/build/swc/options.js
- /Users/swami/Documents/React_native _Arthi/web/node_modules/next/dist/build/swc/index.js
- /Users/swami/Documents/React_native _Arthi/web/node_modules/next/dist/build/next-config-ts/transpile-config.js
- /Users/swami/Documents/React_native _Arthi/web/node_modules/next/dist/server/config.js
- /Users/swami/Documents/React_native _Arthi/web/node_modules/next/dist/server/next.js
- /Users/swami/Documents/React_native _Arthi/web/node_modules/next/dist/server/lib/start-server.js] {
  code: 'MODULE_NOT_FOUND',
  requireStack: [Array]
}
 GET / 500 in 720ms
 GET / 500 in 721ms
 GET /_next/static/webpack/b803270e97f5db21.webpack.hot-update.json 404 in 864ms
 GET /_next/static/chunks/fallback/main.js 404 in 78ms
 GET /_next/static/chunks/fallback/webpack.js 404 in 80ms
 GET /_next/static/chunks/fallback/react-refresh.js 404 in 78ms
 GET /_next/static/chunks/fallback/pages/_error.js 404 in 25ms
 GET /_next/static/chunks/fallback/pages/_app.js 404 in 27ms
 GET /favicon.ico 200 in 14ms
 ✓ Compiled in 176ms (1232 modules)
 ✓ Compiled in 264ms (1037 modules)
<w> [webpack.cache.PackFileCacheStrategy] Caching failed for pack: Error: ENOENT: no such file or directory, rename '/Users/swami/Documents/React_native _Arthi/web/.next/cache/webpack/edge-server-development/0.pack.gz_' -> '/Users/swami/Documents/React_native _Arthi/web/.next/cache/webpack/edge-server-development/0.pack.gz'
 ✓ Compiled in 206ms (1037 modules)
 ✓ Compiled in 326ms (2316 modules)
 ✓ Compiled in 198ms (1037 modules)
 ✓ Compiled in 217ms (2302 modules)
 ✓ Compiled in 183ms (1037 modules)
 ✓ Compiled in 157ms (1037 modules)
 ✓ Compiled in 149ms (1037 modules)
 ✓ Compiled in 199ms (1037 modules)
[?25h
ome 500 in 6ms
 GET /therapist/home 500 in 12ms
 GET /therapist/home 500 in 11ms
 GET /therapist/home 500 in 13ms
 GET /therapist/home 500 in 6ms
 GET /therapist/home 500 in 12ms
 GET /therapist/home 500 in 6ms
 GET /therapist/home 500 in 37ms
 GET /therapist/home 500 in 9ms
 GET /therapist/home 500 in 9ms
 GET /therapist/home 500 in 6ms
 GET /therapist/home 500 in 7ms
 GET /therapist/home 500 in 14ms
 GET /therapist/home 500 in 10ms
 GET /therapist/home 500 in 9ms
 GET /therapist/home 500 in 9ms
 GET /therapist/home 500 in 9ms
 GET /therapist/home 500 in 11ms
 GET /therapist/home 500 in 10ms
 GET /therapist/home 500 in 18ms
 GET /therapist/home 500 in 10ms
 GET /therapist/home 500 in 12ms
 GET /therapist/home 500 in 13ms
 GET /therapist/home 500 in 9ms
 GET /therapist/home 500 in 10ms
 GET /therapist/home 500 in 11ms
 GET /therapist/home 500 in 10ms
 GET /therapist/home 500 in 9ms
 GET /therapist/home 500 in 12ms
 GET /therapist/home 500 in 15ms
 GET /therapist/home 500 in 12ms
 GET /therapist/home 500 in 10ms
 GET /therapist/home 500 in 9ms
 GET /therapist/home 500 in 11ms
 GET /therapist/home 500 in 7ms
 GET /therapist/home 500 in 9ms
 GET /therapist/home 500 in 16ms
 GET /therapist/home 500 in 18ms
 GET /therapist/home 500 in 10ms
 GET /therapist/home 500 in 16ms
 GET /therapist/home 500 in 9ms
 GET /therapist/home 500 in 16ms
 ✓ Compiled /_error in 174ms (1310 modules)
 GET /therapist/home 500 in 149ms
 GET /therapist/home 500 in 9ms
 GET /therapist/home 500 in 9ms
 GET /therapist/home 500 in 14ms
 GET /therapist/home 500 in 7ms
 GET /therapist/home 500 in 8ms
 GET /therapist/home 500 in 12ms
 GET /therapist/home 500 in 8ms
 GET /therapist/home 500 in 12ms
 GET /therapist/home 500 in 9ms
 GET /therapist/home 500 in 10ms
 GET /therapist/home 500 in 10ms
 GET /therapist/home 500 in 9ms
 GET /therapist/home 500 in 12ms
 GET /therapist/home 500 in 7ms
 GET /therapist/home 500 in 12ms
 GET /therapist/home 500 in 9ms
 GET /therapist/home 500 in 10ms
 GET /therapist/home 500 in 7ms
 GET /therapist/home 500 in 8ms
 GET /therapist/home 500 in 7ms
 GET /therapist/home 500 in 9ms
 GET /therapist/home 500 in 12ms
 GET /therapist/home 500 in 10ms
 GET /therapist/home 500 in 12ms
 GET /therapist/home 500 in 10ms
 GET /therapist/home 500 in 9ms
 GET /therapist/home 500 in 20ms
 GET /therapist/home 500 in 10ms
 GET /therapist/home 500 in 13ms
 GET /therapist/home 500 in 10ms
 GET /therapist/home 500 in 12ms
 GET /therapist/home 500 in 11ms
 GET /therapist/home 500 in 10ms
 GET /therapist/home 500 in 15ms
 GET /therapist/home 500 in 14ms
 GET /therapist/home 500 in 11ms
 GET /therapist/home 500 in 12ms
 GET /therapist/home 500 in 12ms
 GET /therapist/home 500 in 10ms
 GET /therapist/home 500 in 10ms
 GET /therapist/home 500 in 9ms
 GET /therapist/home 500 in 10ms
 GET /therapist/home 500 in 11ms
 GET /therapist/home 500 in 10ms
 GET /therapist/home 500 in 13ms
 GET /therapist/home 500 in 11ms
 GET /therapist/home 500 in 10ms
 GET /therapist/home 500 in 13ms
 GET /therapist/home 500 in 9ms
 GET /therapist/home 500 in 15ms
 GET /therapist/home 500 in 16ms
 GET /therapist/home 500 in 14ms
 GET /therapist/home 500 in 11ms
 GET /therapist/home 500 in 11ms
 GET /therapist/home 500 in 16ms
 GET /therapist/home 500 in 11ms
 GET /therapist/home 500 in 13ms
 GET /therapist/home 500 in 10ms
 GET /therapist/home 500 in 7ms
 GET /therapist/home 500 in 9ms
 GET /therapist/home 500 in 7ms
 GET /therapist/home 500 in 13ms
 GET /therapist/home 500 in 13ms
 GET /therapist/home 500 in 9ms
 GET /therapist/home 500 in 10ms
 GET /therapist/home 500 in 12ms
 GET /therapist/home 500 in 9ms
 GET /therapist/home 500 in 11ms
 GET /therapist/home 500 in 13ms
 GET /therapist/home 500 in 11ms
 GET /therapist/home 500 in 13ms
 GET /therapist/home 500 in 10ms
 GET /therapist/home 500 in 14ms
 GET /therapist/home 500 in 10ms
 GET /therapist/home 500 in 9ms
 GET /therapist/home 500 in 8ms
 GET /therapist/home 500 in 9ms
 GET /therapist/home 500 in 14ms
 GET /therapist/home 500 in 11ms
 GET /therapist/home 500 in 14ms
 GET /therapist/home 500 in 9ms
 GET /therapist/home 500 in 9ms
 GET /therapist/home 500 in 13ms
 GET /therapist/home 500 in 10ms
 GET /therapist/home 500 in 12ms
 GET /therapist/home 500 in 11ms
 GET /therapist/home 500 in 14ms
 GET /therapist/home 500 in 13ms
 GET /therapist/home 500 in 11ms
 GET /therapist/home 500 in 14ms
 GET /therapist/home 500 in 11ms
 GET /therapist/home 500 in 13ms
 GET /therapist/home 500 in 11ms
 GET /therapist/home 500 in 14ms
 GET /therapist/home 500 in 12ms
 GET /therapist/home 500 in 6ms
 GET /therapist/home 500 in 12ms
 GET /therapist/home 500 in 9ms
 GET /therapist/home 500 in 13ms
 GET /therapist/home 500 in 10ms
 GET /therapist/home 500 in 13ms
 GET /therapist/home 500 in 9ms
 GET /therapist/home 500 in 10ms
 GET /therapist/home 500 in 12ms
 GET /therapist/home 500 in 10ms
 GET /therapist/home 500 in 17ms
 GET /therapist/home 500 in 10ms
 GET /therapist/home 500 in 14ms
 GET /therapist/home 500 in 10ms
 GET /therapist/home 500 in 10ms
 GET /therapist/home 500 in 10ms
 GET /therapist/home 500 in 9ms
 GET /therapist/home 500 in 13ms
 GET /therapist/home 500 in 7ms
 GET /therapist/home 500 in 18ms
 GET /therapist/home 500 in 10ms
 GET /therapist/home 500 in 14ms
 GET /therapist/home 500 in 15ms
 GET /therapist/home 500 in 10ms
 GET /therapist/home 500 in 18ms
 GET /therapist/home 500 in 12ms
 GET /therapist/home 500 in 15ms
 GET /therapist/home 500 in 10ms
 GET /therapist/home 500 in 10ms
 GET /therapist/home 500 in 13ms
 GET /therapist/home 500 in 5ms
 GET /therapist/home 500 in 11ms
 GET /therapist/home 500 in 10ms
 GET /therapist/home 500 in 12ms
 GET /therapist/home 500 in 6ms
 GET /therapist/home 500 in 12ms
 GET /therapist/home 500 in 13ms
 GET /therapist/home 500 in 15ms
 GET /therapist/home 500 in 11ms
 GET /therapist/home 500 in 9ms
 GET /therapist/home 500 in 12ms
 GET /therapist/home 500 in 10ms
 GET /therapist/home 500 in 9ms
 GET /therapist/home 500 in 10ms
 GET /therapist/home 500 in 9ms
 GET /therapist/home 500 in 7ms
 GET /therapist/home 500 in 8ms
 GET /therapist/home 500 in 16ms
 GET /therapist/home 500 in 7ms
 GET /therapist/home 500 in 11ms
 GET /therapist/home 500 in 12ms
 GET /therapist/home 500 in 9ms
 GET /therapist/home 500 in 11ms
 GET /therapist/home 500 in 7ms
 GET /therapist/home 500 in 7ms
 GET /therapist/home 500 in 8ms
 GET /therapist/home 500 in 8ms
 GET /therapist/home 500 in 15ms
 GET /therapist/home 500 in 10ms
 GET /therapist/home 500 in 8ms
 GET /therapist/home 500 in 6ms
 GET /therapist/home 500 in 6ms
 GET /therapist/home 500 in 14ms
 GET /therapist/home 500 in 14ms
 GET /therapist/home 500 in 9ms
 GET /therapist/home 500 in 6ms
 GET /therapist/home 500 in 12ms
 GET /therapist/home 500 in 6ms
 GET /therapist/home 500 in 6ms
 GET /therapist/home 500 in 8ms
 GET /therapist/home 500 in 60ms
 GET /therapist/home 500 in 27ms
 GET /therapist/home 500 in 9ms
 GET /therapist/home 500 in 5ms
 GET /therapist/home 500 in 6ms
 ✓ Compiled in 264ms (1115 modules)
 GET /therapist/home 500 in 6ms
 ⨯ ./app/therapist/home/page.tsx:6:1
Module not found: Can't resolve './_components/TherapistHomeClient'
  4 | import { Metadata } from 'next';
  5 | import { reportError } from '@/lib/rollbar-utils';
> 6 | import TherapistHomeClient from './_components/TherapistHomeClient';
    | ^
  7 |
  8 | export const metadata: Metadata = {
  9 |     title: 'Therapist Dashboard | SafeSpace',

https://nextjs.org/docs/messages/module-not-found
 ⨯ ./app/therapist/home/page.tsx:6:1
Module not found: Can't resolve './_components/TherapistHomeClient'
  4 | import { Metadata } from 'next';
  5 | import { reportError } from '@/lib/rollbar-utils';
> 6 | import TherapistHomeClient from './_components/TherapistHomeClient';
    | ^
  7 |
  8 | export const metadata: Metadata = {
  9 |     title: 'Therapist Dashboard | SafeSpace',

https://nextjs.org/docs/messages/module-not-found
 GET /_next/static/webpack/56f5f4d90f3321ee.webpack.hot-update.json 500 in 428ms
 ⚠ Fast Refresh had to perform a full reload due to a runtime error.
 GET /favicon.ico 500 in 442ms
 GET /_next/static/webpack/56f5f4d90f3321ee.webpack.hot-update.json 500 in 4ms
 ⚠ Fast Refresh had to perform a full reload due to a runtime error.
 GET /_next/static/webpack/56f5f4d90f3321ee.webpack.hot-update.json 500 in 2ms
 ⚠ Fast Refresh had to perform a full reload due to a runtime error.
 GET /_next/static/webpack/56f5f4d90f3321ee.webpack.hot-update.json 500 in 2ms
 ⚠ Fast Refresh had to perform a full reload due to a runtime error.
 GET /_next/static/webpack/56f5f4d90f3321ee.webpack.hot-update.json 500 in 2ms
 ⚠ Fast Refresh had to perform a full reload due to a runtime error.
 GET /_next/static/webpack/56f5f4d90f3321ee.webpack.hot-update.json 500 in 3ms
 ⚠ Fast Refresh had to perform a full reload due to a runtime error.
 GET /_next/static/webpack/56f5f4d90f3321ee.webpack.hot-update.json 500 in 3ms
 ⚠ Fast Refresh had to perform a full reload due to a runtime error.
 GET /_next/static/webpack/56f5f4d90f3321ee.webpack.hot-update.json 500 in 8ms
 ⚠ Fast Refresh had to perform a full reload due to a runtime error.
 ○ Compiling /favicon.ico ...
 GET /therapist/home 500 in 8ms
 GET /favicon.ico 500 in 7ms
 GET /therapist/home 500 in 5ms
 GET /favicon.ico 500 in 7ms
 GET /therapist/home 500 in 6ms
 GET /favicon.ico 500 in 4ms
 GET /therapist/home 500 in 6ms
 GET /favicon.ico 500 in 5ms
 GET /therapist/home 500 in 24ms
 GET /favicon.ico 500 in 9ms
 GET /therapist/home 500 in 5ms
 GET /favicon.ico 500 in 6ms
 GET /therapist/home 500 in 9ms
 GET /favicon.ico 500 in 5ms
 GET /therapist/home 500 in 9ms
 GET /favicon.ico 500 in 4ms
 ✓ Compiled /favicon.ico in 213ms (1115 modules)
 ⨯ ./app/therapist/home/page.tsx:6:1
Module not found: Can't resolve './_components/TherapistHomeClient'
  4 | import { Metadata } from 'next';
  5 | import { reportError } from '@/lib/rollbar-utils';
> 6 | import TherapistHomeClient from './_components/TherapistHomeClient';
    | ^
  7 |
  8 | export const metadata: Metadata = {
  9 |     title: 'Therapist Dashboard | SafeSpace',

https://nextjs.org/docs/messages/module-not-found
 GET /therapist/home 200 in 504ms
 GET /_next/static/webpack/56f5f4d90f3321ee.webpack.hot-update.json 500 in 1477ms
 GET /_next/static/webpack/56f5f4d90f3321ee.webpack.hot-update.json 500 in 10ms
 ⚠ Fast Refresh had to perform a full reload due to a runtime error.
 ⚠ Fast Refresh had to perform a full reload due to a runtime error.
 GET /_next/static/webpack/56f5f4d90f3321ee.webpack.hot-update.json 500 in 15ms
 ⚠ Fast Refresh had to perform a full reload due to a runtime error.
 GET /_next/static/webpack/56f5f4d90f3321ee.webpack.hot-update.json 500 in 4ms
 GET /_next/static/webpack/56f5f4d90f3321ee.webpack.hot-update.json 500 in 2ms
 ⚠ Fast Refresh had to perform a full reload due to a runtime error.
 ⚠ Fast Refresh had to perform a full reload due to a runtime error.
 GET /_next/static/webpack/56f5f4d90f3321ee.webpack.hot-update.json 500 in 2ms
 ⚠ Fast Refresh had to perform a full reload due to a runtime error.
 GET /_next/static/webpack/56f5f4d90f3321ee.webpack.hot-update.json 500 in 2ms
 ⚠ Fast Refresh had to perform a full reload due to a runtime error.
 GET /_next/static/webpack/56f5f4d90f3321ee.webpack.hot-update.json 500 in 6ms
 ⚠ Fast Refresh had to perform a full reload due to a runtime error.
 GET /therapist/home 500 in 14ms
 GET /favicon.ico 500 in 5ms
 GET /therapist/home 500 in 11ms
 GET /favicon.ico 500 in 5ms
 GET /therapist/home 500 in 8ms
 GET /favicon.ico 500 in 4ms
 GET /therapist/home 500 in 6ms
 GET /favicon.ico 500 in 8ms
 GET /therapist/home 500 in 6ms
 GET /favicon.ico 500 in 7ms
 GET /therapist/home 500 in 7ms
 GET /favicon.ico 500 in 6ms
 GET /therapist/home 500 in 6ms
 GET /favicon.ico 500 in 5ms
 GET /therapist/home 500 in 7ms
 GET /favicon.ico 500 in 5ms
 ✓ Compiled in 174ms (1115 modules)
 ⨯ ./app/therapist/home/page.tsx:6:1
Module not found: Can't resolve './_components/TherapistHomeClient'
  4 | import { Metadata } from 'next';
  5 | import { reportError } from '@/lib/rollbar-utils';
> 6 | import TherapistHomeClient from './_components/TherapistHomeClient';
    | ^
  7 |
  8 | export const metadata: Metadata = {
  9 |     title: 'Therapist Dashboard | SafeSpace',

https://nextjs.org/docs/messages/module-not-found
 GET /_next/static/webpack/56f5f4d90f3321ee.webpack.hot-update.json 500 in 496ms
 GET /_next/static/webpack/56f5f4d90f3321ee.webpack.hot-update.json 500 in 8ms
 ⚠ Fast Refresh had to perform a full reload due to a runtime error.
 ⚠ Fast Refresh had to perform a full reload due to a runtime error.
 GET /_next/static/webpack/56f5f4d90f3321ee.webpack.hot-update.json 500 in 17ms
 ⚠ Fast Refresh had to perform a full reload due to a runtime error.
 GET /_next/static/webpack/56f5f4d90f3321ee.webpack.hot-update.json 500 in 6ms
 ⚠ Fast Refresh had to perform a full reload due to a runtime error.
 GET /_next/static/webpack/56f5f4d90f3321ee.webpack.hot-update.json 500 in 4ms
 ⚠ Fast Refresh had to perform a full reload due to a runtime error.
 GET /_next/static/webpack/56f5f4d90f3321ee.webpack.hot-update.json 500 in 3ms
 ⚠ Fast Refresh had to perform a full reload due to a runtime error.
 GET /_next/static/webpack/56f5f4d90f3321ee.webpack.hot-update.json 500 in 10ms
 ⚠ Fast Refresh had to perform a full reload due to a runtime error.
 GET /_next/static/webpack/56f5f4d90f3321ee.webpack.hot-update.json 500 in 7ms
 ⚠ Fast Refresh had to perform a full reload due to a runtime error.
 GET /therapist/home 500 in 6ms
 GET /favicon.ico 500 in 8ms
 GET /therapist/home 500 in 6ms
 GET /favicon.ico 500 in 6ms
 GET /therapist/home 500 in 8ms
 GET /favicon.ico 500 in 4ms
 GET /therapist/home 500 in 7ms
 GET /favicon.ico 500 in 5ms
 GET /therapist/home 500 in 7ms
 GET /favicon.ico 500 in 4ms
 GET /therapist/home 500 in 9ms
 GET /favicon.ico 500 in 4ms
 GET /therapist/home 500 in 11ms
 GET /favicon.ico 500 in 6ms
 GET /therapist/home 500 in 50ms
 GET /favicon.ico 500 in 4ms
